<?xml version="1.0" encoding="UTF-8"?>
<testsuite xmlns:xsi="http://www.w3.org/2001/XMLSchema-instance" xsi:noNamespaceSchemaLocation="https://maven.apache.org/surefire/maven-surefire-plugin/xsd/surefire-test-report-3.0.xsd" version="3.0" name="TestSuite" time="1.833" tests="5" errors="0" skipped="4" failures="1">
  <properties>
[...]
</properties>
  <testcase name="beforeTest[1](0)" classname="com.qa.tests.LoginTests" time="1.691">
    <failure message="Unable to create a new remote session. Please check the server log for more details. Original error: Invalid username or password (WARNING: The server did not provide any stacktrace information)&#10;Command duration or timeout: 1.22 seconds&#10;Build info: version: &apos;3.141.59&apos;, revision: &apos;e82be7d358&apos;, time: &apos;2018-11-14T08:17:03&apos;&#10;System info: host: &apos;192.168.1.5&apos;, ip: &apos;fe80:0:0:0:18b5:22a8:4a18:a08d%en0&apos;, os.name: &apos;Mac OS X&apos;, os.arch: &apos;x86_64&apos;, os.version: &apos;10.16&apos;, java.version: &apos;15.0.2&apos;&#10;Driver info: driver.version: AndroidDriver&#10;Build info: version: &apos;3.141.59&apos;, revision: &apos;e82be7d358&apos;, time: &apos;2018-11-14T08:17:03&apos;&#10;System info: host: &apos;192.168.1.5&apos;, ip: &apos;fe80:0:0:0:18b5:22a8:4a18:a08d%en0&apos;, os.name: &apos;Mac OS X&apos;, os.arch: &apos;x86_64&apos;, os.version: &apos;10.16&apos;, java.version: &apos;15.0.2&apos;&#10;Driver info: driver.version: AndroidDriver" type="org.openqa.selenium.SessionNotCreatedException"><![CDATA[org.openqa.selenium.SessionNotCreatedException: 
Unable to create a new remote session. Please check the server log for more details. Original error: Invalid username or password (WARNING: The server did not provide any stacktrace information)
Command duration or timeout: 1.22 seconds
Build info: version: '3.141.59', revision: 'e82be7d358', time: '2018-11-14T08:17:03'
System info: host: '192.168.1.5', ip: 'fe80:0:0:0:18b5:22a8:4a18:a08d%en0', os.name: 'Mac OS X', os.arch: 'x86_64', os.version: '10.16', java.version: '15.0.2'
Driver info: driver.version: AndroidDriver
Build info: version: '3.141.59', revision: 'e82be7d358', time: '2018-11-14T08:17:03'
System info: host: '192.168.1.5', ip: 'fe80:0:0:0:18b5:22a8:4a18:a08d%en0', os.name: 'Mac OS X', os.arch: 'x86_64', os.version: '10.16', java.version: '15.0.2'
Driver info: driver.version: AndroidDriver
Caused by: java.lang.reflect.InvocationTargetException
Caused by: org.openqa.selenium.WebDriverException: 
Invalid username or password (WARNING: The server did not provide any stacktrace information)
Command duration or timeout: 1.22 seconds
Build info: version: '3.141.59', revision: 'e82be7d358', time: '2018-11-14T08:17:03'
System info: host: '192.168.1.5', ip: 'fe80:0:0:0:18b5:22a8:4a18:a08d%en0', os.name: 'Mac OS X', os.arch: 'x86_64', os.version: '10.16', java.version: '15.0.2'
Driver info: driver.version: AndroidDriver
]]></failure>
    <system-out><![CDATA[[TestNGContentHandler] [WARN] It is strongly recommended to add "<!DOCTYPE suite SYSTEM "https://testng.org/testng-1.0.dtd" >" at the top of the suite file [/Users/gokhansit/IdeaProjects/appium_browserstack-master/testng.xml] otherwise TestNG may fail or not work as expected.
]]></system-out>
  </testcase>
  <testcase name="invalidPassword" classname="com.qa.tests.LoginTests" time="0">
    <skipped message="Unable to create a new remote session. Please check the server log for more details. Original error: Invalid username or password (WARNING: The server did not provide any stacktrace information)&#10;Command duration or timeout: 1.22 seconds&#10;Build info: version: &apos;3.141.59&apos;, revision: &apos;e82be7d358&apos;, time: &apos;2018-11-14T08:17:03&apos;&#10;System info: host: &apos;192.168.1.5&apos;, ip: &apos;fe80:0:0:0:18b5:22a8:4a18:a08d%en0&apos;, os.name: &apos;Mac OS X&apos;, os.arch: &apos;x86_64&apos;, os.version: &apos;10.16&apos;, java.version: &apos;15.0.2&apos;&#10;Driver info: driver.version: AndroidDriver&#10;Build info: version: &apos;3.141.59&apos;, revision: &apos;e82be7d358&apos;, time: &apos;2018-11-14T08:17:03&apos;&#10;System info: host: &apos;192.168.1.5&apos;, ip: &apos;fe80:0:0:0:18b5:22a8:4a18:a08d%en0&apos;, os.name: &apos;Mac OS X&apos;, os.arch: &apos;x86_64&apos;, os.version: &apos;10.16&apos;, java.version: &apos;15.0.2&apos;&#10;Driver info: driver.version: AndroidDriver"/>
  </testcase>
  <testcase name="invalidUserName" classname="com.qa.tests.LoginTests" time="0">
    <skipped message="Unable to create a new remote session. Please check the server log for more details. Original error: Invalid username or password (WARNING: The server did not provide any stacktrace information)&#10;Command duration or timeout: 1.22 seconds&#10;Build info: version: &apos;3.141.59&apos;, revision: &apos;e82be7d358&apos;, time: &apos;2018-11-14T08:17:03&apos;&#10;System info: host: &apos;192.168.1.5&apos;, ip: &apos;fe80:0:0:0:18b5:22a8:4a18:a08d%en0&apos;, os.name: &apos;Mac OS X&apos;, os.arch: &apos;x86_64&apos;, os.version: &apos;10.16&apos;, java.version: &apos;15.0.2&apos;&#10;Driver info: driver.version: AndroidDriver&#10;Build info: version: &apos;3.141.59&apos;, revision: &apos;e82be7d358&apos;, time: &apos;2018-11-14T08:17:03&apos;&#10;System info: host: &apos;192.168.1.5&apos;, ip: &apos;fe80:0:0:0:18b5:22a8:4a18:a08d%en0&apos;, os.name: &apos;Mac OS X&apos;, os.arch: &apos;x86_64&apos;, os.version: &apos;10.16&apos;, java.version: &apos;15.0.2&apos;&#10;Driver info: driver.version: AndroidDriver"/>
  </testcase>
  <testcase name="login" classname="com.qa.tests.LoginTests" time="0">
    <skipped message="Unable to create a new remote session. Please check the server log for more details. Original error: Invalid username or password (WARNING: The server did not provide any stacktrace information)&#10;Command duration or timeout: 1.22 seconds&#10;Build info: version: &apos;3.141.59&apos;, revision: &apos;e82be7d358&apos;, time: &apos;2018-11-14T08:17:03&apos;&#10;System info: host: &apos;192.168.1.5&apos;, ip: &apos;fe80:0:0:0:18b5:22a8:4a18:a08d%en0&apos;, os.name: &apos;Mac OS X&apos;, os.arch: &apos;x86_64&apos;, os.version: &apos;10.16&apos;, java.version: &apos;15.0.2&apos;&#10;Driver info: driver.version: AndroidDriver&#10;Build info: version: &apos;3.141.59&apos;, revision: &apos;e82be7d358&apos;, time: &apos;2018-11-14T08:17:03&apos;&#10;System info: host: &apos;192.168.1.5&apos;, ip: &apos;fe80:0:0:0:18b5:22a8:4a18:a08d%en0&apos;, os.name: &apos;Mac OS X&apos;, os.arch: &apos;x86_64&apos;, os.version: &apos;10.16&apos;, java.version: &apos;15.0.2&apos;&#10;Driver info: driver.version: AndroidDriver"/>
  </testcase>
  <testcase name="successfulLogin" classname="com.qa.tests.LoginTests" time="0">
    <skipped message="Unable to create a new remote session. Please check the server log for more details. Original error: Invalid username or password (WARNING: The server did not provide any stacktrace information)&#10;Command duration or timeout: 1.22 seconds&#10;Build info: version: &apos;3.141.59&apos;, revision: &apos;e82be7d358&apos;, time: &apos;2018-11-14T08:17:03&apos;&#10;System info: host: &apos;192.168.1.5&apos;, ip: &apos;fe80:0:0:0:18b5:22a8:4a18:a08d%en0&apos;, os.name: &apos;Mac OS X&apos;, os.arch: &apos;x86_64&apos;, os.version: &apos;10.16&apos;, java.version: &apos;15.0.2&apos;&#10;Driver info: driver.version: AndroidDriver&#10;Build info: version: &apos;3.141.59&apos;, revision: &apos;e82be7d358&apos;, time: &apos;2018-11-14T08:17:03&apos;&#10;System info: host: &apos;192.168.1.5&apos;, ip: &apos;fe80:0:0:0:18b5:22a8:4a18:a08d%en0&apos;, os.name: &apos;Mac OS X&apos;, os.arch: &apos;x86_64&apos;, os.version: &apos;10.16&apos;, java.version: &apos;15.0.2&apos;&#10;Driver info: driver.version: AndroidDriver"/>
  </testcase>
</testsuite>